<?xml version="1.0" encoding="UTF-8"?>
<!-- Generated by org.testng.reporters.JUnitReportReporter -->
<testsuite hostname="LAPTOP-1433CJAI" name="zenkins.NewTest" tests="1" failures="0" timestamp="25 Apr 2016 03:39:05 GMT" time="0.001" errors="0">
  <testcase name="f" time="0.001" classname="zenkins.NewTest"/>
</testsuite> <!-- zenkins.NewTest -->
