<?xml version="1.0" encoding="UTF-8"?>
<!-- Generated by org.testng.reporters.JUnitReportReporter -->
<testsuite hostname="LAPTOP-1433CJAI" name="first.DummyMethods" tests="9" failures="0" timestamp="14 Apr 2016 10:34:25 GMT" time="0.036" errors="0">
  <testcase name="login" time="0.001" classname="first.DummyMethods"/>
  <testcase name="kick" time="0.002" classname="first.DummyMethods"/>
  <testcase name="Craccount" time="0.001" classname="first.DummyMethods"/>
  <testcase name="kick" time="0.003" classname="first.DummyMethods"/>
  <testcase name="kick" time="0.002" classname="first.DummyMethods"/>
  <testcase name="deletlead" time="0.022" classname="first.DummyMethods"/>
  <testcase name="logout" time="0.002" classname="first.DummyMethods"/>
  <testcase name="Crlead" time="0.001" classname="first.DummyMethods"/>
  <testcase name="Logout" time="0.002" classname="first.DummyMethods"/>
</testsuite> <!-- first.DummyMethods -->
