<?xml version="1.0" encoding="UTF-8"?>
<!-- Generated by org.testng.reporters.JUnitReportReporter -->
<testsuite hostname="LAPTOP-1433CJAI" name="first.Parking" tests="3" failures="0" timestamp="14 Apr 2016 11:13:12 GMT" time="0.017" errors="0">
  <testcase name="getFord" time="0.009" classname="first.Parking"/>
  <testcase name="getChevor" time="0.002" classname="first.Parking"/>
  <testcase name="getHyundai" time="0.006" classname="first.Parking"/>
</testsuite> <!-- first.Parking -->
