<?xml version="1.0" encoding="UTF-8"?>
<!-- Generated by org.testng.reporters.JUnitReportReporter -->
<testsuite hostname="LAPTOP-1433CJAI" name="first.AnnotationHelper" tests="1" failures="0" timestamp="14 Apr 2016 09:53:46 GMT" time="0.013" errors="0">
  <testcase name="attest" time="0.013" classname="first.AnnotationHelper"/>
</testsuite> <!-- first.AnnotationHelper -->
