<?xml version="1.0" encoding="UTF-8"?>
<!-- Generated by org.testng.reporters.JUnitReportReporter -->
<testsuite hostname="LAPTOP-1433CJAI" name="first.Check" tests="4" failures="0" timestamp="24 Apr 2016 06:49:50 GMT" time="0.027" errors="0">
  <testcase name="getFord" time="0.003" classname="first.Check"/>
  <testcase name="getChevor" time="0.010" classname="first.Check"/>
  <testcase name="getHyundai" time="0.004" classname="first.Check"/>
  <testcase name="getHonda" time="0.010" classname="first.Check"/>
</testsuite> <!-- first.Check -->
