<?xml version="1.0" encoding="UTF-8"?>
<!-- Generated by org.testng.reporters.JUnitReportReporter -->
<testsuite hostname="LAPTOP-1433CJAI" name="first.ParkingBike" tests="4" failures="0" timestamp="24 Apr 2016 14:16:31 GMT" time="0.019" errors="0">
  <testcase name="getSplendor" time="0.002" classname="first.ParkingBike"/>
  <testcase name="getCbz" time="0.003" classname="first.ParkingBike"/>
  <testcase name="getFz" time="0.013" classname="first.ParkingBike"/>
  <testcase name="getShine" time="0.001" classname="first.ParkingBike"/>
</testsuite> <!-- first.ParkingBike -->
