<?xml version="1.0" encoding="UTF-8"?>
<!-- Generated by org.testng.reporters.JUnitReportReporter -->
<testsuite hostname="LAPTOP-1433CJAI" name="first.RepeatTest" tests="15" failures="0" timestamp="14 Apr 2016 10:37:44 GMT" time="0.054" errors="0">
  <testcase name="successRate" time="0.005" classname="first.RepeatTest"/>
  <testcase name="successRate" time="0.004" classname="first.RepeatTest"/>
  <testcase name="successRate" time="0.002" classname="first.RepeatTest"/>
  <testcase name="successRate" time="0.002" classname="first.RepeatTest"/>
  <testcase name="successRate" time="0.001" classname="first.RepeatTest"/>
  <testcase name="successRate" time="0.003" classname="first.RepeatTest"/>
  <testcase name="normal" time="0.023" classname="first.RepeatTest"/>
  <testcase name="successRate" time="0.002" classname="first.RepeatTest"/>
  <testcase name="successRate" time="0.001" classname="first.RepeatTest"/>
  <testcase name="successRate" time="0.002" classname="first.RepeatTest"/>
  <testcase name="successRate" time="0.001" classname="first.RepeatTest"/>
  <testcase name="successRate" time="0.002" classname="first.RepeatTest"/>
  <testcase name="successRate" time="0.002" classname="first.RepeatTest"/>
  <testcase name="successRate" time="0.002" classname="first.RepeatTest"/>
  <testcase name="successRate" time="0.002" classname="first.RepeatTest"/>
</testsuite> <!-- first.RepeatTest -->
